2021-09-28T11:48:42.749+0200 [DEBUG] Adding temp file log sink: /var/folders/sc/fbw33k796bd2bs4csdxfsw4c0000gn/T/terraform-log007403261
2021-09-28T11:48:42.749+0200 [INFO]  Terraform version: 1.0.6
2021-09-28T11:48:42.749+0200 [INFO]  Go runtime version: go1.16.4
2021-09-28T11:48:42.750+0200 [INFO]  CLI args: []string{"/usr/local/bin/terraform", "plan"}
2021-09-28T11:48:42.750+0200 [TRACE] Stdout is a terminal of width 134
2021-09-28T11:48:42.750+0200 [TRACE] Stderr is a terminal of width 134
2021-09-28T11:48:42.750+0200 [TRACE] Stdin is a terminal
2021-09-28T11:48:42.750+0200 [DEBUG] Attempting to open CLI config file: /Users/maximedehaut/.terraformrc
2021-09-28T11:48:42.750+0200 [DEBUG] File doesn't exist, but doesn't need to. Ignoring.
2021-09-28T11:48:42.750+0200 [DEBUG] ignoring non-existing provider search directory terraform.d/plugins
2021-09-28T11:48:42.750+0200 [DEBUG] ignoring non-existing provider search directory /Users/maximedehaut/.terraform.d/plugins
2021-09-28T11:48:42.750+0200 [DEBUG] ignoring non-existing provider search directory /Users/maximedehaut/Library/Application Support/io.terraform/plugins
2021-09-28T11:48:42.750+0200 [DEBUG] ignoring non-existing provider search directory /Library/Application Support/io.terraform/plugins
2021-09-28T11:48:42.750+0200 [INFO]  CLI command args: []string{"plan"}
2021-09-28T11:48:42.751+0200 [TRACE] Meta.Backend: no config given or present on disk, so returning nil config
2021-09-28T11:48:42.751+0200 [TRACE] Meta.Backend: backend has not previously been initialized in this working directory
2021-09-28T11:48:42.752+0200 [DEBUG] New state was assigned lineage "aa36b48e-9d85-de15-b350-2962a2ff237e"
2021-09-28T11:48:42.752+0200 [TRACE] Meta.Backend: using default local state only (no backend configuration, and no existing initialized backend)
2021-09-28T11:48:42.752+0200 [TRACE] Meta.Backend: instantiated backend of type <nil>
2021-09-28T11:48:42.752+0200 [TRACE] providercache.fillMetaCache: scanning directory .terraform/providers
2021-09-28T11:48:42.752+0200 [TRACE] getproviders.SearchLocalDirectory: found registry.terraform.io/hashicorp/local v2.1.0 for darwin_amd64 at .terraform/providers/registry.terraform.io/hashicorp/local/2.1.0/darwin_amd64
2021-09-28T11:48:42.752+0200 [TRACE] providercache.fillMetaCache: including .terraform/providers/registry.terraform.io/hashicorp/local/2.1.0/darwin_amd64 as a candidate package for registry.terraform.io/hashicorp/local 2.1.0
2021-09-28T11:48:42.798+0200 [DEBUG] checking for provisioner in "."
2021-09-28T11:48:42.807+0200 [DEBUG] checking for provisioner in "/usr/local/bin"
2021-09-28T11:48:42.807+0200 [INFO]  Failed to read plugin lock file .terraform/plugins/darwin_amd64/lock.json: open .terraform/plugins/darwin_amd64/lock.json: no such file or directory
2021-09-28T11:48:42.807+0200 [TRACE] Meta.Backend: backend <nil> does not support operations, so wrapping it in a local backend
2021-09-28T11:48:42.808+0200 [INFO]  backend/local: starting Plan operation
2021-09-28T11:48:42.808+0200 [TRACE] backend/local: requesting state manager for workspace "default"
2021-09-28T11:48:42.809+0200 [TRACE] backend/local: state manager for workspace "default" will:
 - read initial snapshot from terraform.tfstate
 - write new snapshots to terraform.tfstate
 - create any backup at terraform.tfstate.backup
2021-09-28T11:48:42.809+0200 [TRACE] backend/local: requesting state lock for workspace "default"
2021-09-28T11:48:42.809+0200 [TRACE] statemgr.Filesystem: preparing to manage state snapshots at terraform.tfstate
2021-09-28T11:48:42.809+0200 [TRACE] statemgr.Filesystem: no previously-stored snapshot exists
2021-09-28T11:48:42.809+0200 [TRACE] statemgr.Filesystem: locking terraform.tfstate using fcntl flock
2021-09-28T11:48:42.809+0200 [TRACE] statemgr.Filesystem: writing lock metadata to .terraform.tfstate.lock.info
2021-09-28T11:48:42.809+0200 [TRACE] backend/local: reading remote state for workspace "default"
2021-09-28T11:48:42.809+0200 [TRACE] statemgr.Filesystem: reading latest snapshot from terraform.tfstate
2021-09-28T11:48:42.809+0200 [TRACE] statemgr.Filesystem: snapshot file has nil snapshot, but that's okay
2021-09-28T11:48:42.809+0200 [TRACE] statemgr.Filesystem: read nil snapshot
2021-09-28T11:48:42.810+0200 [TRACE] backend/local: retrieving local state snapshot for workspace "default"
2021-09-28T11:48:42.810+0200 [TRACE] backend/local: building context for current working directory
2021-09-28T11:48:42.810+0200 [TRACE] terraform.NewContext: starting
2021-09-28T11:48:42.810+0200 [TRACE] terraform.NewContext: loading provider schemas
2021-09-28T11:48:42.810+0200 [TRACE] LoadSchemas: retrieving schema for provider type "registry.terraform.io/hashicorp/local"
2021-09-28T11:48:42.810+0200 [DEBUG] created provider logger: level=trace
2021-09-28T11:48:42.810+0200 [INFO]  provider: configuring client automatic mTLS
2021-09-28T11:48:42.848+0200 [DEBUG] provider: starting plugin: path=.terraform/providers/registry.terraform.io/hashicorp/local/2.1.0/darwin_amd64/terraform-provider-local_v2.1.0_x5 args=[.terraform/providers/registry.terraform.io/hashicorp/local/2.1.0/darwin_amd64/terraform-provider-local_v2.1.0_x5]
2021-09-28T11:48:42.851+0200 [DEBUG] provider: plugin started: path=.terraform/providers/registry.terraform.io/hashicorp/local/2.1.0/darwin_amd64/terraform-provider-local_v2.1.0_x5 pid=3808
2021-09-28T11:48:42.851+0200 [DEBUG] provider: waiting for RPC address: path=.terraform/providers/registry.terraform.io/hashicorp/local/2.1.0/darwin_amd64/terraform-provider-local_v2.1.0_x5
2021-09-28T11:48:42.862+0200 [INFO]  provider.terraform-provider-local_v2.1.0_x5: configuring server automatic mTLS: timestamp=2021-09-28T11:48:42.861+0200
2021-09-28T11:48:42.901+0200 [DEBUG] provider: using plugin: version=5
2021-09-28T11:48:42.901+0200 [DEBUG] provider.terraform-provider-local_v2.1.0_x5: plugin address: address=/var/folders/sc/fbw33k796bd2bs4csdxfsw4c0000gn/T/plugin058024999 network=unix timestamp=2021-09-28T11:48:42.901+0200
2021-09-28T11:48:42.949+0200 [TRACE] GRPCProvider: GetProviderSchema
2021-09-28T11:48:42.949+0200 [TRACE] provider.stdio: waiting for stdio data
2021-09-28T11:48:42.950+0200 [TRACE] GRPCProvider: Close
2021-09-28T11:48:42.951+0200 [DEBUG] provider.stdio: received EOF, stopping recv loop: err="rpc error: code = Unavailable desc = transport is closing"
2021-09-28T11:48:42.952+0200 [DEBUG] provider: plugin process exited: path=.terraform/providers/registry.terraform.io/hashicorp/local/2.1.0/darwin_amd64/terraform-provider-local_v2.1.0_x5 pid=3808
2021-09-28T11:48:42.952+0200 [DEBUG] provider: plugin exited
2021-09-28T11:48:42.952+0200 [TRACE] terraform.NewContext: complete
2021-09-28T11:48:42.952+0200 [TRACE] backend/local: finished building terraform.Context
2021-09-28T11:48:42.952+0200 [TRACE] backend/local: requesting interactive input, if necessary
2021-09-28T11:48:42.952+0200 [TRACE] Context.Input: Prompting for provider arguments
2021-09-28T11:48:42.952+0200 [TRACE] Context.Input: Provider provider.local implied by resource block at main.tf:11,1-32
2021-09-28T11:48:42.953+0200 [TRACE] Context.Input: Input for provider.local: map[string]cty.Value{}
2021-09-28T11:48:42.953+0200 [TRACE] backend/local: running validation operation
2021-09-28T11:48:42.953+0200 [INFO]  terraform: building graph: GraphTypeValidate
2021-09-28T11:48:42.953+0200 [TRACE] Executing graph transform *terraform.ConfigTransformer
2021-09-28T11:48:42.953+0200 [TRACE] ConfigTransformer: Starting for path:
2021-09-28T11:48:42.953+0200 [TRACE] Completed graph transform *terraform.ConfigTransformer with new graph:
  local_file.Britney - *terraform.NodeValidatableResource
  ------
2021-09-28T11:48:42.953+0200 [TRACE] Executing graph transform *terraform.RootVariableTransformer
2021-09-28T11:48:42.953+0200 [TRACE] Completed graph transform *terraform.RootVariableTransformer (no changes)
2021-09-28T11:48:42.953+0200 [TRACE] Executing graph transform *terraform.ModuleVariableTransformer
2021-09-28T11:48:42.953+0200 [TRACE] Completed graph transform *terraform.ModuleVariableTransformer (no changes)
2021-09-28T11:48:42.953+0200 [TRACE] Executing graph transform *terraform.LocalTransformer
2021-09-28T11:48:42.953+0200 [TRACE] Completed graph transform *terraform.LocalTransformer (no changes)
2021-09-28T11:48:42.953+0200 [TRACE] Executing graph transform *terraform.OutputTransformer
2021-09-28T11:48:42.953+0200 [TRACE] Completed graph transform *terraform.OutputTransformer (no changes)
2021-09-28T11:48:42.953+0200 [TRACE] Executing graph transform *terraform.OrphanResourceInstanceTransformer
2021-09-28T11:48:42.953+0200 [TRACE] Completed graph transform *terraform.OrphanResourceInstanceTransformer (no changes)
2021-09-28T11:48:42.953+0200 [TRACE] Executing graph transform *terraform.StateTransformer
2021-09-28T11:48:42.953+0200 [TRACE] StateTransformer: state is empty, so nothing to do
2021-09-28T11:48:42.953+0200 [TRACE] Completed graph transform *terraform.StateTransformer (no changes)
2021-09-28T11:48:42.953+0200 [TRACE] Executing graph transform *terraform.AttachStateTransformer
2021-09-28T11:48:42.953+0200 [TRACE] Completed graph transform *terraform.AttachStateTransformer (no changes)
2021-09-28T11:48:42.953+0200 [TRACE] Executing graph transform *terraform.OrphanOutputTransformer
2021-09-28T11:48:42.953+0200 [TRACE] Completed graph transform *terraform.OrphanOutputTransformer (no changes)
2021-09-28T11:48:42.953+0200 [TRACE] Executing graph transform *terraform.AttachResourceConfigTransformer
2021-09-28T11:48:42.953+0200 [TRACE] AttachResourceConfigTransformer: attaching to "local_file.Britney" (*terraform.NodeValidatableResource) config from main.tf:11,1-32
2021-09-28T11:48:42.953+0200 [TRACE] AttachResourceConfigTransformer: attaching provider meta configs to local_file.Britney
2021-09-28T11:48:42.953+0200 [TRACE] Completed graph transform *terraform.AttachResourceConfigTransformer (no changes)
2021-09-28T11:48:42.953+0200 [TRACE] Executing graph transform *terraform.graphTransformerMulti
2021-09-28T11:48:42.953+0200 [TRACE] (graphTransformerMulti) Executing graph transform *terraform.ProviderConfigTransformer
2021-09-28T11:48:42.953+0200 [TRACE] (graphTransformerMulti) Completed graph transform *terraform.ProviderConfigTransformer with new graph:
  local_file.Britney - *terraform.NodeValidatableResource
  provider["registry.terraform.io/hashicorp/local"] - *terraform.NodeApplyableProvider
  ------
2021-09-28T11:48:42.953+0200 [TRACE] (graphTransformerMulti) Executing graph transform *terraform.MissingProviderTransformer
2021-09-28T11:48:42.953+0200 [TRACE] (graphTransformerMulti) Completed graph transform *terraform.MissingProviderTransformer (no changes)
2021-09-28T11:48:42.953+0200 [TRACE] (graphTransformerMulti) Executing graph transform *terraform.ProviderTransformer
2021-09-28T11:48:42.953+0200 [TRACE] ProviderTransformer: exact match for provider["registry.terraform.io/hashicorp/local"] serving local_file.Britney
2021-09-28T11:48:42.953+0200 [DEBUG] ProviderTransformer: "local_file.Britney" (*terraform.NodeValidatableResource) needs provider["registry.terraform.io/hashicorp/local"]
2021-09-28T11:48:42.953+0200 [TRACE] (graphTransformerMulti) Completed graph transform *terraform.ProviderTransformer with new graph:
  local_file.Britney - *terraform.NodeValidatableResource
    provider["registry.terraform.io/hashicorp/local"] - *terraform.NodeApplyableProvider
  provider["registry.terraform.io/hashicorp/local"] - *terraform.NodeApplyableProvider
  ------
2021-09-28T11:48:42.953+0200 [TRACE] (graphTransformerMulti) Executing graph transform *terraform.PruneProviderTransformer
2021-09-28T11:48:42.953+0200 [TRACE] (graphTransformerMulti) Completed graph transform *terraform.PruneProviderTransformer (no changes)
2021-09-28T11:48:42.953+0200 [TRACE] Completed graph transform *terraform.graphTransformerMulti with new graph:
  local_file.Britney - *terraform.NodeValidatableResource
    provider["registry.terraform.io/hashicorp/local"] - *terraform.NodeApplyableProvider
  provider["registry.terraform.io/hashicorp/local"] - *terraform.NodeApplyableProvider
  ------
2021-09-28T11:48:42.953+0200 [TRACE] Executing graph transform *terraform.RemovedModuleTransformer
2021-09-28T11:48:42.953+0200 [TRACE] Completed graph transform *terraform.RemovedModuleTransformer (no changes)
2021-09-28T11:48:42.953+0200 [TRACE] Executing graph transform *terraform.AttachSchemaTransformer
2021-09-28T11:48:42.953+0200 [TRACE] AttachSchemaTransformer: attaching resource schema to local_file.Britney
2021-09-28T11:48:42.953+0200 [TRACE] AttachSchemaTransformer: attaching provider config schema to provider["registry.terraform.io/hashicorp/local"]
2021-09-28T11:48:42.953+0200 [TRACE] Completed graph transform *terraform.AttachSchemaTransformer (no changes)
2021-09-28T11:48:42.953+0200 [TRACE] Executing graph transform *terraform.ModuleExpansionTransformer
2021-09-28T11:48:42.953+0200 [TRACE] Completed graph transform *terraform.ModuleExpansionTransformer (no changes)
2021-09-28T11:48:42.953+0200 [TRACE] Executing graph transform *terraform.ReferenceTransformer
2021-09-28T11:48:42.953+0200 [DEBUG] ReferenceTransformer: "local_file.Britney" references: []
2021-09-28T11:48:42.953+0200 [DEBUG] ReferenceTransformer: "provider[\"registry.terraform.io/hashicorp/local\"]" references: []
2021-09-28T11:48:42.953+0200 [TRACE] Completed graph transform *terraform.ReferenceTransformer (no changes)
2021-09-28T11:48:42.953+0200 [TRACE] Executing graph transform *terraform.AttachDependenciesTransformer
2021-09-28T11:48:42.954+0200 [TRACE] Completed graph transform *terraform.AttachDependenciesTransformer (no changes)
2021-09-28T11:48:42.954+0200 [TRACE] Executing graph transform *terraform.attachDataResourceDependsOnTransformer
2021-09-28T11:48:42.954+0200 [TRACE] Completed graph transform *terraform.attachDataResourceDependsOnTransformer (no changes)
2021-09-28T11:48:42.954+0200 [TRACE] Executing graph transform *terraform.TargetsTransformer
2021-09-28T11:48:42.954+0200 [TRACE] Completed graph transform *terraform.TargetsTransformer (no changes)
2021-09-28T11:48:42.954+0200 [TRACE] Executing graph transform *terraform.ForcedCBDTransformer
2021-09-28T11:48:42.954+0200 [TRACE] Completed graph transform *terraform.ForcedCBDTransformer (no changes)
2021-09-28T11:48:42.954+0200 [TRACE] Executing graph transform *terraform.CountBoundaryTransformer
2021-09-28T11:48:42.954+0200 [TRACE] Completed graph transform *terraform.CountBoundaryTransformer with new graph:
  local_file.Britney - *terraform.NodeValidatableResource
    provider["registry.terraform.io/hashicorp/local"] - *terraform.NodeApplyableProvider
  meta.count-boundary (EachMode fixup) - *terraform.NodeCountBoundary
    local_file.Britney - *terraform.NodeValidatableResource
    provider["registry.terraform.io/hashicorp/local"] - *terraform.NodeApplyableProvider
  provider["registry.terraform.io/hashicorp/local"] - *terraform.NodeApplyableProvider
  ------
2021-09-28T11:48:42.954+0200 [TRACE] Executing graph transform *terraform.CloseProviderTransformer
2021-09-28T11:48:42.954+0200 [TRACE] Completed graph transform *terraform.CloseProviderTransformer with new graph:
  local_file.Britney - *terraform.NodeValidatableResource
    provider["registry.terraform.io/hashicorp/local"] - *terraform.NodeApplyableProvider
  meta.count-boundary (EachMode fixup) - *terraform.NodeCountBoundary
    local_file.Britney - *terraform.NodeValidatableResource
    provider["registry.terraform.io/hashicorp/local"] - *terraform.NodeApplyableProvider
  provider["registry.terraform.io/hashicorp/local"] - *terraform.NodeApplyableProvider
  provider["registry.terraform.io/hashicorp/local"] (close) - *terraform.graphNodeCloseProvider
    local_file.Britney - *terraform.NodeValidatableResource
    provider["registry.terraform.io/hashicorp/local"] - *terraform.NodeApplyableProvider
  ------
2021-09-28T11:48:42.954+0200 [TRACE] Executing graph transform *terraform.CloseRootModuleTransformer
2021-09-28T11:48:42.954+0200 [TRACE] Completed graph transform *terraform.CloseRootModuleTransformer with new graph:
  local_file.Britney - *terraform.NodeValidatableResource
    provider["registry.terraform.io/hashicorp/local"] - *terraform.NodeApplyableProvider
  meta.count-boundary (EachMode fixup) - *terraform.NodeCountBoundary
    local_file.Britney - *terraform.NodeValidatableResource
    provider["registry.terraform.io/hashicorp/local"] - *terraform.NodeApplyableProvider
  provider["registry.terraform.io/hashicorp/local"] - *terraform.NodeApplyableProvider
  provider["registry.terraform.io/hashicorp/local"] (close) - *terraform.graphNodeCloseProvider
    local_file.Britney - *terraform.NodeValidatableResource
    provider["registry.terraform.io/hashicorp/local"] - *terraform.NodeApplyableProvider
  root - *terraform.nodeCloseModule
    meta.count-boundary (EachMode fixup) - *terraform.NodeCountBoundary
    provider["registry.terraform.io/hashicorp/local"] (close) - *terraform.graphNodeCloseProvider
  ------
2021-09-28T11:48:42.954+0200 [TRACE] Executing graph transform *terraform.TransitiveReductionTransformer
2021-09-28T11:48:42.954+0200 [TRACE] Completed graph transform *terraform.TransitiveReductionTransformer with new graph:
  local_file.Britney - *terraform.NodeValidatableResource
    provider["registry.terraform.io/hashicorp/local"] - *terraform.NodeApplyableProvider
  meta.count-boundary (EachMode fixup) - *terraform.NodeCountBoundary
    local_file.Britney - *terraform.NodeValidatableResource
  provider["registry.terraform.io/hashicorp/local"] - *terraform.NodeApplyableProvider
  provider["registry.terraform.io/hashicorp/local"] (close) - *terraform.graphNodeCloseProvider
    local_file.Britney - *terraform.NodeValidatableResource
  root - *terraform.nodeCloseModule
    meta.count-boundary (EachMode fixup) - *terraform.NodeCountBoundary
    provider["registry.terraform.io/hashicorp/local"] (close) - *terraform.graphNodeCloseProvider
  ------
2021-09-28T11:48:42.954+0200 [DEBUG] Starting graph walk: walkValidate
2021-09-28T11:48:42.954+0200 [TRACE] vertex "provider[\"registry.terraform.io/hashicorp/local\"]": starting visit (*terraform.NodeApplyableProvider)
2021-09-28T11:48:42.954+0200 [DEBUG] created provider logger: level=trace
2021-09-28T11:48:42.954+0200 [INFO]  provider: configuring client automatic mTLS
2021-09-28T11:48:42.990+0200 [DEBUG] provider: starting plugin: path=.terraform/providers/registry.terraform.io/hashicorp/local/2.1.0/darwin_amd64/terraform-provider-local_v2.1.0_x5 args=[.terraform/providers/registry.terraform.io/hashicorp/local/2.1.0/darwin_amd64/terraform-provider-local_v2.1.0_x5]
2021-09-28T11:48:42.993+0200 [DEBUG] provider: plugin started: path=.terraform/providers/registry.terraform.io/hashicorp/local/2.1.0/darwin_amd64/terraform-provider-local_v2.1.0_x5 pid=3809
2021-09-28T11:48:42.993+0200 [DEBUG] provider: waiting for RPC address: path=.terraform/providers/registry.terraform.io/hashicorp/local/2.1.0/darwin_amd64/terraform-provider-local_v2.1.0_x5
2021-09-28T11:48:43.005+0200 [INFO]  provider.terraform-provider-local_v2.1.0_x5: configuring server automatic mTLS: timestamp=2021-09-28T11:48:43.005+0200
2021-09-28T11:48:43.040+0200 [DEBUG] provider.terraform-provider-local_v2.1.0_x5: plugin address: address=/var/folders/sc/fbw33k796bd2bs4csdxfsw4c0000gn/T/plugin585453300 network=unix timestamp=2021-09-28T11:48:43.039+0200
2021-09-28T11:48:43.040+0200 [DEBUG] provider: using plugin: version=5
2021-09-28T11:48:43.085+0200 [TRACE] provider.stdio: waiting for stdio data
2021-09-28T11:48:43.085+0200 [TRACE] BuiltinEvalContext: Initialized "provider[\"registry.terraform.io/hashicorp/local\"]" provider for provider["registry.terraform.io/hashicorp/local"]
2021-09-28T11:48:43.085+0200 [TRACE] buildProviderConfig for provider["registry.terraform.io/hashicorp/local"]: no configuration at all
2021-09-28T11:48:43.085+0200 [TRACE] vertex "provider[\"registry.terraform.io/hashicorp/local\"]": visit complete
2021-09-28T11:48:43.085+0200 [TRACE] vertex "local_file.Britney": starting visit (*terraform.NodeValidatableResource)
2021-09-28T11:48:43.085+0200 [TRACE] GRPCProvider: ValidateResourceConfig
2021-09-28T11:48:43.085+0200 [TRACE] GRPCProvider: GetProviderSchema
2021-09-28T11:48:43.087+0200 [TRACE] vertex "local_file.Britney": visit complete
2021-09-28T11:48:43.087+0200 [TRACE] vertex "meta.count-boundary (EachMode fixup)": starting visit (*terraform.NodeCountBoundary)
2021-09-28T11:48:43.087+0200 [TRACE] vertex "meta.count-boundary (EachMode fixup)": visit complete
2021-09-28T11:48:43.087+0200 [TRACE] vertex "provider[\"registry.terraform.io/hashicorp/local\"] (close)": starting visit (*terraform.graphNodeCloseProvider)
2021-09-28T11:48:43.087+0200 [TRACE] GRPCProvider: Close
2021-09-28T11:48:43.088+0200 [DEBUG] provider.stdio: received EOF, stopping recv loop: err="rpc error: code = Unavailable desc = transport is closing"
2021-09-28T11:48:43.089+0200 [DEBUG] provider: plugin process exited: path=.terraform/providers/registry.terraform.io/hashicorp/local/2.1.0/darwin_amd64/terraform-provider-local_v2.1.0_x5 pid=3809
2021-09-28T11:48:43.089+0200 [DEBUG] provider: plugin exited
2021-09-28T11:48:43.089+0200 [TRACE] vertex "provider[\"registry.terraform.io/hashicorp/local\"] (close)": visit complete
2021-09-28T11:48:43.089+0200 [TRACE] vertex "root": starting visit (*terraform.nodeCloseModule)
2021-09-28T11:48:43.089+0200 [TRACE] vertex "root": visit complete
2021-09-28T11:48:43.089+0200 [INFO]  backend/local: plan calling Plan
2021-09-28T11:48:43.089+0200 [INFO]  terraform: building graph: GraphTypePlan
2021-09-28T11:48:43.089+0200 [TRACE] Executing graph transform *terraform.ConfigTransformer
2021-09-28T11:48:43.089+0200 [TRACE] ConfigTransformer: Starting for path:
2021-09-28T11:48:43.089+0200 [TRACE] Completed graph transform *terraform.ConfigTransformer with new graph:
  local_file.Britney (expand) - *terraform.nodeExpandPlannableResource
  ------
2021-09-28T11:48:43.089+0200 [TRACE] Executing graph transform *terraform.RootVariableTransformer
2021-09-28T11:48:43.089+0200 [TRACE] Completed graph transform *terraform.RootVariableTransformer (no changes)
2021-09-28T11:48:43.089+0200 [TRACE] Executing graph transform *terraform.ModuleVariableTransformer
2021-09-28T11:48:43.089+0200 [TRACE] Completed graph transform *terraform.ModuleVariableTransformer (no changes)
2021-09-28T11:48:43.089+0200 [TRACE] Executing graph transform *terraform.LocalTransformer
2021-09-28T11:48:43.089+0200 [TRACE] Completed graph transform *terraform.LocalTransformer (no changes)
2021-09-28T11:48:43.089+0200 [TRACE] Executing graph transform *terraform.OutputTransformer
2021-09-28T11:48:43.089+0200 [TRACE] Completed graph transform *terraform.OutputTransformer (no changes)
2021-09-28T11:48:43.089+0200 [TRACE] Executing graph transform *terraform.OrphanResourceInstanceTransformer
2021-09-28T11:48:43.089+0200 [TRACE] Completed graph transform *terraform.OrphanResourceInstanceTransformer (no changes)
2021-09-28T11:48:43.089+0200 [TRACE] Executing graph transform *terraform.StateTransformer
2021-09-28T11:48:43.089+0200 [TRACE] StateTransformer: state is empty, so nothing to do
2021-09-28T11:48:43.089+0200 [TRACE] Completed graph transform *terraform.StateTransformer (no changes)
2021-09-28T11:48:43.089+0200 [TRACE] Executing graph transform *terraform.AttachStateTransformer
2021-09-28T11:48:43.089+0200 [TRACE] Completed graph transform *terraform.AttachStateTransformer (no changes)
2021-09-28T11:48:43.089+0200 [TRACE] Executing graph transform *terraform.OrphanOutputTransformer
2021-09-28T11:48:43.089+0200 [TRACE] Completed graph transform *terraform.OrphanOutputTransformer (no changes)
2021-09-28T11:48:43.089+0200 [TRACE] Executing graph transform *terraform.AttachResourceConfigTransformer
2021-09-28T11:48:43.089+0200 [TRACE] AttachResourceConfigTransformer: attaching to "local_file.Britney (expand)" (*terraform.nodeExpandPlannableResource) config from main.tf:11,1-32
2021-09-28T11:48:43.089+0200 [TRACE] AttachResourceConfigTransformer: attaching provider meta configs to local_file.Britney (expand)
2021-09-28T11:48:43.089+0200 [TRACE] Completed graph transform *terraform.AttachResourceConfigTransformer (no changes)
2021-09-28T11:48:43.089+0200 [TRACE] Executing graph transform *terraform.graphTransformerMulti
2021-09-28T11:48:43.089+0200 [TRACE] (graphTransformerMulti) Executing graph transform *terraform.ProviderConfigTransformer
2021-09-28T11:48:43.089+0200 [TRACE] (graphTransformerMulti) Completed graph transform *terraform.ProviderConfigTransformer with new graph:
  local_file.Britney (expand) - *terraform.nodeExpandPlannableResource
  provider["registry.terraform.io/hashicorp/local"] - *terraform.NodeApplyableProvider
  ------
2021-09-28T11:48:43.089+0200 [TRACE] (graphTransformerMulti) Executing graph transform *terraform.MissingProviderTransformer
2021-09-28T11:48:43.089+0200 [TRACE] (graphTransformerMulti) Completed graph transform *terraform.MissingProviderTransformer (no changes)
2021-09-28T11:48:43.089+0200 [TRACE] (graphTransformerMulti) Executing graph transform *terraform.ProviderTransformer
2021-09-28T11:48:43.089+0200 [TRACE] ProviderTransformer: exact match for provider["registry.terraform.io/hashicorp/local"] serving local_file.Britney (expand)
2021-09-28T11:48:43.089+0200 [DEBUG] ProviderTransformer: "local_file.Britney (expand)" (*terraform.nodeExpandPlannableResource) needs provider["registry.terraform.io/hashicorp/local"]
2021-09-28T11:48:43.089+0200 [TRACE] (graphTransformerMulti) Completed graph transform *terraform.ProviderTransformer with new graph:
  local_file.Britney (expand) - *terraform.nodeExpandPlannableResource
    provider["registry.terraform.io/hashicorp/local"] - *terraform.NodeApplyableProvider
  provider["registry.terraform.io/hashicorp/local"] - *terraform.NodeApplyableProvider
  ------
2021-09-28T11:48:43.089+0200 [TRACE] (graphTransformerMulti) Executing graph transform *terraform.PruneProviderTransformer
2021-09-28T11:48:43.089+0200 [TRACE] (graphTransformerMulti) Completed graph transform *terraform.PruneProviderTransformer (no changes)
2021-09-28T11:48:43.089+0200 [TRACE] Completed graph transform *terraform.graphTransformerMulti with new graph:
  local_file.Britney (expand) - *terraform.nodeExpandPlannableResource
    provider["registry.terraform.io/hashicorp/local"] - *terraform.NodeApplyableProvider
  provider["registry.terraform.io/hashicorp/local"] - *terraform.NodeApplyableProvider
  ------
2021-09-28T11:48:43.089+0200 [TRACE] Executing graph transform *terraform.RemovedModuleTransformer
2021-09-28T11:48:43.089+0200 [TRACE] Completed graph transform *terraform.RemovedModuleTransformer (no changes)
2021-09-28T11:48:43.089+0200 [TRACE] Executing graph transform *terraform.AttachSchemaTransformer
2021-09-28T11:48:43.089+0200 [TRACE] AttachSchemaTransformer: attaching resource schema to local_file.Britney (expand)
2021-09-28T11:48:43.089+0200 [TRACE] AttachSchemaTransformer: attaching provider config schema to provider["registry.terraform.io/hashicorp/local"]
2021-09-28T11:48:43.089+0200 [TRACE] Completed graph transform *terraform.AttachSchemaTransformer (no changes)
2021-09-28T11:48:43.089+0200 [TRACE] Executing graph transform *terraform.ModuleExpansionTransformer
2021-09-28T11:48:43.089+0200 [TRACE] Completed graph transform *terraform.ModuleExpansionTransformer (no changes)
2021-09-28T11:48:43.089+0200 [TRACE] Executing graph transform *terraform.ReferenceTransformer
2021-09-28T11:48:43.089+0200 [DEBUG] ReferenceTransformer: "local_file.Britney (expand)" references: []
2021-09-28T11:48:43.089+0200 [DEBUG] ReferenceTransformer: "provider[\"registry.terraform.io/hashicorp/local\"]" references: []
2021-09-28T11:48:43.089+0200 [TRACE] Completed graph transform *terraform.ReferenceTransformer (no changes)
2021-09-28T11:48:43.089+0200 [TRACE] Executing graph transform *terraform.AttachDependenciesTransformer
2021-09-28T11:48:43.090+0200 [TRACE] AttachDependenciesTransformer: local_file.Britney depends on []
2021-09-28T11:48:43.090+0200 [TRACE] Completed graph transform *terraform.AttachDependenciesTransformer (no changes)
2021-09-28T11:48:43.090+0200 [TRACE] Executing graph transform *terraform.attachDataResourceDependsOnTransformer
2021-09-28T11:48:43.090+0200 [TRACE] Completed graph transform *terraform.attachDataResourceDependsOnTransformer (no changes)
2021-09-28T11:48:43.090+0200 [TRACE] Executing graph transform *terraform.TargetsTransformer
2021-09-28T11:48:43.090+0200 [TRACE] Completed graph transform *terraform.TargetsTransformer (no changes)
2021-09-28T11:48:43.090+0200 [TRACE] Executing graph transform *terraform.ForcedCBDTransformer
2021-09-28T11:48:43.090+0200 [TRACE] ForcedCBDTransformer: "local_file.Britney (expand)" (*terraform.nodeExpandPlannableResource) has no CBD descendent, so skipping
2021-09-28T11:48:43.090+0200 [TRACE] Completed graph transform *terraform.ForcedCBDTransformer (no changes)
2021-09-28T11:48:43.090+0200 [TRACE] Executing graph transform *terraform.CountBoundaryTransformer
2021-09-28T11:48:43.090+0200 [TRACE] Completed graph transform *terraform.CountBoundaryTransformer with new graph:
  local_file.Britney (expand) - *terraform.nodeExpandPlannableResource
    provider["registry.terraform.io/hashicorp/local"] - *terraform.NodeApplyableProvider
  meta.count-boundary (EachMode fixup) - *terraform.NodeCountBoundary
    local_file.Britney (expand) - *terraform.nodeExpandPlannableResource
    provider["registry.terraform.io/hashicorp/local"] - *terraform.NodeApplyableProvider
  provider["registry.terraform.io/hashicorp/local"] - *terraform.NodeApplyableProvider
  ------
2021-09-28T11:48:43.090+0200 [TRACE] Executing graph transform *terraform.CloseProviderTransformer
2021-09-28T11:48:43.090+0200 [TRACE] Completed graph transform *terraform.CloseProviderTransformer with new graph:
  local_file.Britney (expand) - *terraform.nodeExpandPlannableResource
    provider["registry.terraform.io/hashicorp/local"] - *terraform.NodeApplyableProvider
  meta.count-boundary (EachMode fixup) - *terraform.NodeCountBoundary
    local_file.Britney (expand) - *terraform.nodeExpandPlannableResource
    provider["registry.terraform.io/hashicorp/local"] - *terraform.NodeApplyableProvider
  provider["registry.terraform.io/hashicorp/local"] - *terraform.NodeApplyableProvider
  provider["registry.terraform.io/hashicorp/local"] (close) - *terraform.graphNodeCloseProvider
    local_file.Britney (expand) - *terraform.nodeExpandPlannableResource
    provider["registry.terraform.io/hashicorp/local"] - *terraform.NodeApplyableProvider
  ------
2021-09-28T11:48:43.090+0200 [TRACE] Executing graph transform *terraform.CloseRootModuleTransformer
2021-09-28T11:48:43.090+0200 [TRACE] Completed graph transform *terraform.CloseRootModuleTransformer with new graph:
  local_file.Britney (expand) - *terraform.nodeExpandPlannableResource
    provider["registry.terraform.io/hashicorp/local"] - *terraform.NodeApplyableProvider
  meta.count-boundary (EachMode fixup) - *terraform.NodeCountBoundary
    local_file.Britney (expand) - *terraform.nodeExpandPlannableResource
    provider["registry.terraform.io/hashicorp/local"] - *terraform.NodeApplyableProvider
  provider["registry.terraform.io/hashicorp/local"] - *terraform.NodeApplyableProvider
  provider["registry.terraform.io/hashicorp/local"] (close) - *terraform.graphNodeCloseProvider
    local_file.Britney (expand) - *terraform.nodeExpandPlannableResource
    provider["registry.terraform.io/hashicorp/local"] - *terraform.NodeApplyableProvider
  root - *terraform.nodeCloseModule
    meta.count-boundary (EachMode fixup) - *terraform.NodeCountBoundary
    provider["registry.terraform.io/hashicorp/local"] (close) - *terraform.graphNodeCloseProvider
  ------
2021-09-28T11:48:43.090+0200 [TRACE] Executing graph transform *terraform.TransitiveReductionTransformer
2021-09-28T11:48:43.090+0200 [TRACE] Completed graph transform *terraform.TransitiveReductionTransformer with new graph:
  local_file.Britney (expand) - *terraform.nodeExpandPlannableResource
    provider["registry.terraform.io/hashicorp/local"] - *terraform.NodeApplyableProvider
  meta.count-boundary (EachMode fixup) - *terraform.NodeCountBoundary
    local_file.Britney (expand) - *terraform.nodeExpandPlannableResource
  provider["registry.terraform.io/hashicorp/local"] - *terraform.NodeApplyableProvider
  provider["registry.terraform.io/hashicorp/local"] (close) - *terraform.graphNodeCloseProvider
    local_file.Britney (expand) - *terraform.nodeExpandPlannableResource
  root - *terraform.nodeCloseModule
    meta.count-boundary (EachMode fixup) - *terraform.NodeCountBoundary
    provider["registry.terraform.io/hashicorp/local"] (close) - *terraform.graphNodeCloseProvider
  ------
2021-09-28T11:48:43.090+0200 [DEBUG] Starting graph walk: walkPlan
2021-09-28T11:48:43.090+0200 [TRACE] vertex "provider[\"registry.terraform.io/hashicorp/local\"]": starting visit (*terraform.NodeApplyableProvider)
2021-09-28T11:48:43.090+0200 [DEBUG] created provider logger: level=trace
2021-09-28T11:48:43.090+0200 [INFO]  provider: configuring client automatic mTLS
2021-09-28T11:48:43.124+0200 [DEBUG] provider: starting plugin: path=.terraform/providers/registry.terraform.io/hashicorp/local/2.1.0/darwin_amd64/terraform-provider-local_v2.1.0_x5 args=[.terraform/providers/registry.terraform.io/hashicorp/local/2.1.0/darwin_amd64/terraform-provider-local_v2.1.0_x5]
2021-09-28T11:48:43.127+0200 [DEBUG] provider: plugin started: path=.terraform/providers/registry.terraform.io/hashicorp/local/2.1.0/darwin_amd64/terraform-provider-local_v2.1.0_x5 pid=3810
2021-09-28T11:48:43.128+0200 [DEBUG] provider: waiting for RPC address: path=.terraform/providers/registry.terraform.io/hashicorp/local/2.1.0/darwin_amd64/terraform-provider-local_v2.1.0_x5
2021-09-28T11:48:43.139+0200 [INFO]  provider.terraform-provider-local_v2.1.0_x5: configuring server automatic mTLS: timestamp=2021-09-28T11:48:43.139+0200
2021-09-28T11:48:43.173+0200 [DEBUG] provider.terraform-provider-local_v2.1.0_x5: plugin address: address=/var/folders/sc/fbw33k796bd2bs4csdxfsw4c0000gn/T/plugin706017817 network=unix timestamp=2021-09-28T11:48:43.172+0200
2021-09-28T11:48:43.173+0200 [DEBUG] provider: using plugin: version=5
2021-09-28T11:48:43.217+0200 [TRACE] BuiltinEvalContext: Initialized "provider[\"registry.terraform.io/hashicorp/local\"]" provider for provider["registry.terraform.io/hashicorp/local"]
2021-09-28T11:48:43.217+0200 [TRACE] buildProviderConfig for provider["registry.terraform.io/hashicorp/local"]: no configuration at all
2021-09-28T11:48:43.217+0200 [TRACE] GRPCProvider: GetProviderSchema
2021-09-28T11:48:43.217+0200 [TRACE] provider.stdio: waiting for stdio data
2021-09-28T11:48:43.218+0200 [TRACE] GRPCProvider: ValidateProviderConfig
2021-09-28T11:48:43.218+0200 [TRACE] GRPCProvider: ConfigureProvider
2021-09-28T11:48:43.219+0200 [TRACE] vertex "provider[\"registry.terraform.io/hashicorp/local\"]": visit complete
2021-09-28T11:48:43.219+0200 [TRACE] vertex "local_file.Britney (expand)": starting visit (*terraform.nodeExpandPlannableResource)
2021-09-28T11:48:43.219+0200 [TRACE] vertex "local_file.Britney (expand)": expanding dynamic subgraph
2021-09-28T11:48:43.219+0200 [TRACE] vertex "local_file.Britney (expand)": entering dynamic subgraph
2021-09-28T11:48:43.219+0200 [TRACE] vertex "local_file.Britney": starting visit (*terraform.NodePlannableResource)
2021-09-28T11:48:43.219+0200 [TRACE] vertex "local_file.Britney": expanding dynamic subgraph
2021-09-28T11:48:43.219+0200 [TRACE] Executing graph transform *terraform.ResourceCountTransformer
2021-09-28T11:48:43.219+0200 [TRACE] ResourceCountTransformer: adding local_file.Britney as *terraform.NodePlannableResourceInstance
2021-09-28T11:48:43.219+0200 [TRACE] Completed graph transform *terraform.ResourceCountTransformer with new graph:
  local_file.Britney - *terraform.NodePlannableResourceInstance
  ------
2021-09-28T11:48:43.219+0200 [TRACE] Executing graph transform *terraform.OrphanResourceInstanceCountTransformer
2021-09-28T11:48:43.219+0200 [TRACE] Completed graph transform *terraform.OrphanResourceInstanceCountTransformer (no changes)
2021-09-28T11:48:43.219+0200 [TRACE] Executing graph transform *terraform.AttachStateTransformer
2021-09-28T11:48:43.219+0200 [DEBUG] Resource instance state not found for node "local_file.Britney", instance local_file.Britney
2021-09-28T11:48:43.219+0200 [TRACE] Completed graph transform *terraform.AttachStateTransformer (no changes)
2021-09-28T11:48:43.219+0200 [TRACE] Executing graph transform *terraform.TargetsTransformer
2021-09-28T11:48:43.219+0200 [TRACE] Completed graph transform *terraform.TargetsTransformer (no changes)
2021-09-28T11:48:43.219+0200 [TRACE] Executing graph transform *terraform.ReferenceTransformer
2021-09-28T11:48:43.219+0200 [DEBUG] ReferenceTransformer: "local_file.Britney" references: []
2021-09-28T11:48:43.219+0200 [TRACE] Completed graph transform *terraform.ReferenceTransformer (no changes)
2021-09-28T11:48:43.219+0200 [TRACE] Executing graph transform *terraform.RootTransformer
2021-09-28T11:48:43.219+0200 [TRACE] Completed graph transform *terraform.RootTransformer (no changes)
2021-09-28T11:48:43.219+0200 [TRACE] vertex "local_file.Britney": entering dynamic subgraph
2021-09-28T11:48:43.219+0200 [TRACE] vertex "local_file.Britney": starting visit (*terraform.NodePlannableResourceInstance)
2021-09-28T11:48:43.219+0200 [TRACE] readResourceInstanceState: reading state for local_file.Britney
2021-09-28T11:48:43.219+0200 [TRACE] readResourceInstanceState: no state present for local_file.Britney
2021-09-28T11:48:43.219+0200 [TRACE] NodeAbstractResouceInstance.writeResourceInstanceState to prevRunState for local_file.Britney
2021-09-28T11:48:43.219+0200 [TRACE] NodeAbstractResouceInstance.writeResourceInstanceState: removing state object for local_file.Britney
2021-09-28T11:48:43.219+0200 [TRACE] NodeAbstractResouceInstance.writeResourceInstanceState to refreshState for local_file.Britney
2021-09-28T11:48:43.219+0200 [TRACE] NodeAbstractResouceInstance.writeResourceInstanceState: removing state object for local_file.Britney
2021-09-28T11:48:43.219+0200 [TRACE] NodeAbstractResourceInstance.refresh for local_file.Britney
2021-09-28T11:48:43.219+0200 [DEBUG] refresh: local_file.Britney: no state, so not refreshing
2021-09-28T11:48:43.219+0200 [TRACE] NodeAbstractResouceInstance.writeResourceInstanceState to refreshState for local_file.Britney
2021-09-28T11:48:43.219+0200 [TRACE] NodeAbstractResouceInstance.writeResourceInstanceState: removing state object for local_file.Britney
2021-09-28T11:48:43.220+0200 [TRACE] Re-validating config for "local_file.Britney"
2021-09-28T11:48:43.220+0200 [TRACE] GRPCProvider: ValidateResourceConfig
2021-09-28T11:48:43.220+0200 [TRACE] GRPCProvider: PlanResourceChange
2021-09-28T11:48:43.221+0200 [WARN]  Provider "registry.terraform.io/hashicorp/local" produced an invalid plan for local_file.Britney, but we are tolerating it because it is using the legacy plugin SDK.
    The following problems may be the cause of any confusing errors from downstream operations:
      - .directory_permission: planned value cty.StringVal("0777") for a non-computed attribute
      - .file_permission: planned value cty.StringVal("0777") for a non-computed attribute
2021-09-28T11:48:43.221+0200 [TRACE] NodeAbstractResouceInstance.writeResourceInstanceState to workingState for local_file.Britney
2021-09-28T11:48:43.221+0200 [TRACE] NodeAbstractResouceInstance.writeResourceInstanceState: writing state object for local_file.Britney
2021-09-28T11:48:43.221+0200 [TRACE] writeChange: recorded Create change for local_file.Britney
2021-09-28T11:48:43.221+0200 [TRACE] vertex "local_file.Britney": visit complete
2021-09-28T11:48:43.221+0200 [TRACE] vertex "local_file.Britney": dynamic subgraph completed successfully
2021-09-28T11:48:43.221+0200 [TRACE] vertex "local_file.Britney": visit complete
2021-09-28T11:48:43.221+0200 [TRACE] vertex "local_file.Britney (expand)": dynamic subgraph completed successfully
2021-09-28T11:48:43.221+0200 [TRACE] vertex "local_file.Britney (expand)": visit complete
2021-09-28T11:48:43.221+0200 [TRACE] vertex "meta.count-boundary (EachMode fixup)": starting visit (*terraform.NodeCountBoundary)
2021-09-28T11:48:43.221+0200 [TRACE] vertex "meta.count-boundary (EachMode fixup)": visit complete
2021-09-28T11:48:43.221+0200 [TRACE] vertex "provider[\"registry.terraform.io/hashicorp/local\"] (close)": starting visit (*terraform.graphNodeCloseProvider)
2021-09-28T11:48:43.221+0200 [TRACE] GRPCProvider: Close
2021-09-28T11:48:43.222+0200 [DEBUG] provider.stdio: received EOF, stopping recv loop: err="rpc error: code = Unavailable desc = transport is closing"
2021-09-28T11:48:43.223+0200 [DEBUG] provider: plugin process exited: path=.terraform/providers/registry.terraform.io/hashicorp/local/2.1.0/darwin_amd64/terraform-provider-local_v2.1.0_x5 pid=3810
2021-09-28T11:48:43.223+0200 [DEBUG] provider: plugin exited
2021-09-28T11:48:43.223+0200 [TRACE] vertex "provider[\"registry.terraform.io/hashicorp/local\"] (close)": visit complete
2021-09-28T11:48:43.223+0200 [TRACE] vertex "root": starting visit (*terraform.nodeCloseModule)
2021-09-28T11:48:43.223+0200 [TRACE] vertex "root": visit complete
2021-09-28T11:48:43.223+0200 [INFO]  backend/local: plan operation completed
2021-09-28T11:48:43.223+0200 [TRACE] statemgr.Filesystem: removing lock metadata file .terraform.tfstate.lock.info
2021-09-28T11:48:43.224+0200 [TRACE] statemgr.Filesystem: unlocking terraform.tfstate using fcntl flock
